<?xml version="1.0" encoding="UTF-8"?>
<!-- Generated by org.testng.reporters.JUnitXMLReporter -->
<testsuite ignored="1" hostname="admin-PC" failures="1" tests="1" name="Default test(failed)" time="0.109" errors="0" timestamp="03 Apr 2022 16:19:42 GMT">
  <testcase classname="A3_Assertion.A14_HardAssert" name="Title" time="0.031">
    <failure type="java.lang.AssertionError" message="expected [Google] but found [gogle]">
      <![CDATA[java.lang.AssertionError: expected [Google] but found [gogle]at A3_Assertion.A14_HardAssert.Title(A14_HardAssert.java:16)... Removed 31 stack frames]]>
    </failure>
  </testcase> <!-- Title -->
  <testcase classname="A3_Assertion.A14_HardAssert" name="Login" time="0.0">
    <ignored/>
  </testcase> <!-- Login -->
</testsuite> <!-- Default test(failed) -->
