<?xml version="1.0" encoding="UTF-8"?>
<!-- Generated by org.testng.reporters.JUnitXMLReporter -->
<testsuite ignored="0" hostname="admin-PC" failures="0" tests="3" name="Default test" time="0.085" errors="0" timestamp="14 Mar 2022 07:59:15 GMT">
  <testcase classname="A7_Parameterization.A21_SingleMethodSingleDataProvider" name="login" time="0.014"/>
  <testcase classname="A7_Parameterization.A21_SingleMethodSingleDataProvider" name="login" time="0.005"/>
  <testcase classname="A7_Parameterization.A21_SingleMethodSingleDataProvider" name="login" time="0.006"/>
</testsuite> <!-- Default test -->
