<?xml version="1.0" encoding="UTF-8"?>
<testng-results ignored="0" total="1" passed="1" failed="0" skipped="0">
  <reporter-output>
  </reporter-output>
  <suite started-at="2022-03-13T05:29:33Z" name="Default suite" finished-at="2022-03-13T05:30:13Z" duration-ms="39709">
    <groups>
    </groups>
    <test started-at="2022-03-13T05:29:33Z" name="Default test" finished-at="2022-03-13T05:30:13Z" duration-ms="39709">
      <class name="testcases.LoginTest">
        <test-method signature="loginTest()[pri:0, instance:testcases.LoginTest@1190200a]" started-at="2022-03-13T10:59:33Z" name="loginTest" finished-at="2022-03-13T11:00:13Z" duration-ms="39659" status="PASS">
          <reporter-output>
          </reporter-output>
        </test-method> <!-- loginTest -->
      </class> <!-- testcases.LoginTest -->
    </test> <!-- Default test -->
  </suite> <!-- Default suite -->
</testng-results>
