<?xml version="1.0" encoding="UTF-8"?>
<testng-results ignored="0" total="1" passed="1" failed="0" skipped="0">
  <reporter-output>
  </reporter-output>
  <suite started-at="2022-03-14T08:00:08Z" name="Suite" finished-at="2022-03-14T08:00:08Z" duration-ms="53">
    <groups>
    </groups>
    <test started-at="2022-03-14T08:00:08Z" name="opening the django login page" finished-at="2022-03-14T08:00:08Z" duration-ms="53">
      <class name="A5_Parameter.A19_Parameter">
        <test-method signature="login(java.lang.String, java.lang.String, java.lang.String, java.lang.String)[pri:0, instance:A5_Parameter.A19_Parameter@33c911a1]" started-at="2022-03-14T13:30:08Z" name="login" finished-at="2022-03-14T13:30:08Z" duration-ms="13" status="PASS">
          <params>
            <param index="0">
              <value>
                <![CDATA[Google]]>
              </value>
            </param>
            <param index="1">
              <value>
                <![CDATA[https://django.com]]>
              </value>
            </param>
            <param index="2">
              <value>
                <![CDATA[abcd]]>
              </value>
            </param>
            <param index="3">
              <value>
                <![CDATA[1234]]>
              </value>
            </param>
          </params>
          <reporter-output>
          </reporter-output>
        </test-method> <!-- login -->
      </class> <!-- A5_Parameter.A19_Parameter -->
    </test> <!-- opening the django login page -->
  </suite> <!-- Suite -->
</testng-results>
