<?xml version="1.0" encoding="UTF-8"?>
<!-- Generated by org.testng.reporters.JUnitXMLReporter -->
<testsuite ignored="2" hostname="admin-PC" failures="0" tests="3" name="Test" time="0.055" errors="0" timestamp="04 Apr 2022 15:45:10 GMT">
  <testcase classname="A6_Groups.A20_Group" name="login" time="0.011"/>
  <testcase classname="A6_Groups.A20_Group" name="search" time="0.002"/>
  <testcase classname="A6_Groups.A20_Group" name="booking" time="0.002"/>
  <testcase classname="A6_Groups.A20_Group" name="logout" time="0.0">
    <ignored/>
  </testcase> <!-- logout -->
  <testcase classname="A6_Groups.A20_Group" name="cancel" time="0.0">
    <ignored/>
  </testcase> <!-- cancel -->
</testsuite> <!-- Test -->
